{"D:\\Everythinhg Konectify\\FrontEndAndBackEnd\\localbly-api\\Utils\\Utils.js": {"path":"D:\\Everythinhg Konectify\\FrontEndAndBackEnd\\localbly-api\\Utils\\Utils.js","statementMap":{"0":{"start":{"line":1,"column":23},"end":{"line":1,"column":38}},"1":{"start":{"line":2,"column":15},"end":{"line":2,"column":32}},"2":{"start":{"line":3,"column":25},"end":{"line":3,"column":53}},"3":{"start":{"line":4,"column":0},"end":{"line":4,"column":26}},"4":{"start":{"line":7,"column":4},"end":{"line":7,"column":40}},"5":{"start":{"line":8,"column":4},"end":{"line":8,"column":28}},"6":{"start":{"line":11,"column":15},"end":{"line":11,"column":45}},"7":{"start":{"line":12,"column":15},"end":{"line":12,"column":45}},"8":{"start":{"line":13,"column":4},"end":{"line":15,"column":5}},"9":{"start":{"line":13,"column":15},"end":{"line":13,"column":16}},"10":{"start":{"line":13,"column":20},"end":{"line":13,"column":31}},"11":{"start":{"line":14,"column":8},"end":{"line":14,"column":73}},"12":{"start":{"line":17,"column":4},"end":{"line":19,"column":29}},"13":{"start":{"line":21,"column":4},"end":{"line":21,"column":15}},"14":{"start":{"line":25,"column":4},"end":{"line":27,"column":5}},"15":{"start":{"line":26,"column":6},"end":{"line":26,"column":16}},"16":{"start":{"line":28,"column":20},"end":{"line":31,"column":20}},"17":{"start":{"line":30,"column":34},"end":{"line":30,"column":110}},"18":{"start":{"line":32,"column":4},"end":{"line":32,"column":19}},"19":{"start":{"line":36,"column":4},"end":{"line":36,"column":20}},"20":{"start":{"line":40,"column":4},"end":{"line":43,"column":5}},"21":{"start":{"line":41,"column":28},"end":{"line":41,"column":163}},"22":{"start":{"line":42,"column":8},"end":{"line":42,"column":26}},"23":{"start":{"line":45,"column":26},"end":{"line":45,"column":111}},"24":{"start":{"line":46,"column":4},"end":{"line":46,"column":24}},"25":{"start":{"line":51,"column":4},"end":{"line":51,"column":48}},"26":{"start":{"line":55,"column":27},"end":{"line":55,"column":49}},"27":{"start":{"line":56,"column":4},"end":{"line":56,"column":46}},"28":{"start":{"line":61,"column":21},"end":{"line":61,"column":174}},"29":{"start":{"line":62,"column":4},"end":{"line":62,"column":34}},"30":{"start":{"line":66,"column":27},"end":{"line":66,"column":49}},"31":{"start":{"line":67,"column":21},"end":{"line":67,"column":174}},"32":{"start":{"line":68,"column":4},"end":{"line":70,"column":5}},"33":{"start":{"line":69,"column":8},"end":{"line":69,"column":20}},"34":{"start":{"line":71,"column":4},"end":{"line":73,"column":5}},"35":{"start":{"line":72,"column":8},"end":{"line":72,"column":50}},"36":{"start":{"line":74,"column":4},"end":{"line":76,"column":5}},"37":{"start":{"line":75,"column":8},"end":{"line":75,"column":51}},"38":{"start":{"line":82,"column":19},"end":{"line":82,"column":44}},"39":{"start":{"line":83,"column":18},"end":{"line":85,"column":33}},"40":{"start":{"line":86,"column":4},"end":{"line":86,"column":16}},"41":{"start":{"line":90,"column":17},"end":{"line":90,"column":40}},"42":{"start":{"line":91,"column":15},"end":{"line":91,"column":52}},"43":{"start":{"line":92,"column":19},"end":{"line":92,"column":30}},"44":{"start":{"line":93,"column":4},"end":{"line":93,"column":17}},"45":{"start":{"line":97,"column":4},"end":{"line":97,"column":37}},"46":{"start":{"line":101,"column":4},"end":{"line":101,"column":32}},"47":{"start":{"line":105,"column":4},"end":{"line":105,"column":60}},"48":{"start":{"line":105,"column":33},"end":{"line":105,"column":58}},"49":{"start":{"line":111,"column":24},"end":{"line":111,"column":48}},"50":{"start":{"line":112,"column":23},"end":{"line":112,"column":58}},"51":{"start":{"line":113,"column":25},"end":{"line":113,"column":49}},"52":{"start":{"line":115,"column":4},"end":{"line":115,"column":25}},"53":{"start":{"line":119,"column":18},"end":{"line":119,"column":32}},"54":{"start":{"line":120,"column":4},"end":{"line":120,"column":35}},"55":{"start":{"line":124,"column":23},"end":{"line":124,"column":69}},"56":{"start":{"line":125,"column":4},"end":{"line":125,"column":28}},"57":{"start":{"line":130,"column":4},"end":{"line":130,"column":49}},"58":{"start":{"line":133,"column":4},"end":{"line":135,"column":5}},"59":{"start":{"line":134,"column":6},"end":{"line":134,"column":25}},"60":{"start":{"line":138,"column":4},"end":{"line":143,"column":5}},"61":{"start":{"line":140,"column":6},"end":{"line":140,"column":50}},"62":{"start":{"line":142,"column":6},"end":{"line":142,"column":40}},"63":{"start":{"line":145,"column":4},"end":{"line":145,"column":23}},"64":{"start":{"line":148,"column":16},"end":{"line":148,"column":78}},"65":{"start":{"line":150,"column":0},"end":{"line":170,"column":1}},"66":{"start":{"line":175,"column":20},"end":{"line":175,"column":84}},"67":{"start":{"line":176,"column":4},"end":{"line":178,"column":5}},"68":{"start":{"line":176,"column":15},"end":{"line":176,"column":16}},"69":{"start":{"line":177,"column":8},"end":{"line":177,"column":68}},"70":{"start":{"line":181,"column":0},"end":{"line":181,"column":30}}},"fnMap":{"0":{"name":"slugify","decl":{"start":{"line":6,"column":9},"end":{"line":6,"column":16}},"loc":{"start":{"line":6,"column":22},"end":{"line":22,"column":1}},"line":6},"1":{"name":"getAbbreviation","decl":{"start":{"line":24,"column":9},"end":{"line":24,"column":24}},"loc":{"start":{"line":24,"column":31},"end":{"line":33,"column":1}},"line":24},"2":{"name":"(anonymous_2)","decl":{"start":{"line":30,"column":14},"end":{"line":30,"column":15}},"loc":{"start":{"line":30,"column":34},"end":{"line":30,"column":110}},"line":30},"3":{"name":"generateID","decl":{"start":{"line":35,"column":9},"end":{"line":35,"column":19}},"loc":{"start":{"line":35,"column":21},"end":{"line":37,"column":1}},"line":35},"4":{"name":"createDate","decl":{"start":{"line":39,"column":9},"end":{"line":39,"column":19}},"loc":{"start":{"line":39,"column":25},"end":{"line":48,"column":1}},"line":39},"5":{"name":"roundToNearest","decl":{"start":{"line":50,"column":9},"end":{"line":50,"column":23}},"loc":{"start":{"line":50,"column":38},"end":{"line":52,"column":1}},"line":50},"6":{"name":"isValidPhoneNumber","decl":{"start":{"line":54,"column":9},"end":{"line":54,"column":27}},"loc":{"start":{"line":54,"column":41},"end":{"line":57,"column":1}},"line":54},"7":{"name":"isValidEmail","decl":{"start":{"line":59,"column":9},"end":{"line":59,"column":21}},"loc":{"start":{"line":59,"column":29},"end":{"line":63,"column":1}},"line":59},"8":{"name":"isValidEmailOrNumber","decl":{"start":{"line":65,"column":9},"end":{"line":65,"column":29}},"loc":{"start":{"line":65,"column":37},"end":{"line":78,"column":1}},"line":65},"9":{"name":"generateToken","decl":{"start":{"line":81,"column":9},"end":{"line":81,"column":22}},"loc":{"start":{"line":81,"column":24},"end":{"line":87,"column":1}},"line":81},"10":{"name":"generateCouponCodes","decl":{"start":{"line":89,"column":9},"end":{"line":89,"column":28}},"loc":{"start":{"line":89,"column":37},"end":{"line":94,"column":1}},"line":89},"11":{"name":"checkDataType","decl":{"start":{"line":96,"column":9},"end":{"line":96,"column":22}},"loc":{"start":{"line":96,"column":40},"end":{"line":98,"column":1}},"line":96},"12":{"name":"isArray","decl":{"start":{"line":100,"column":9},"end":{"line":100,"column":16}},"loc":{"start":{"line":100,"column":24},"end":{"line":102,"column":1}},"line":100},"13":{"name":"checkMultipleDataTypes","decl":{"start":{"line":104,"column":9},"end":{"line":104,"column":31}},"loc":{"start":{"line":104,"column":50},"end":{"line":106,"column":1}},"line":104},"14":{"name":"(anonymous_14)","decl":{"start":{"line":105,"column":24},"end":{"line":105,"column":25}},"loc":{"start":{"line":105,"column":33},"end":{"line":105,"column":58}},"line":105},"15":{"name":"getDiscountPrice","decl":{"start":{"line":110,"column":9},"end":{"line":110,"column":25}},"loc":{"start":{"line":110,"column":46},"end":{"line":116,"column":1}},"line":110},"16":{"name":"extractFileNameFromUrl","decl":{"start":{"line":118,"column":9},"end":{"line":118,"column":31}},"loc":{"start":{"line":118,"column":37},"end":{"line":121,"column":1}},"line":118},"17":{"name":"compareStrings","decl":{"start":{"line":123,"column":9},"end":{"line":123,"column":23}},"loc":{"start":{"line":123,"column":36},"end":{"line":126,"column":1}},"line":123},"18":{"name":"formatPhoneNumber","decl":{"start":{"line":128,"column":10},"end":{"line":128,"column":27}},"loc":{"start":{"line":128,"column":41},"end":{"line":146,"column":3}},"line":128},"19":{"name":"generateName","decl":{"start":{"line":172,"column":9},"end":{"line":172,"column":21}},"loc":{"start":{"line":173,"column":0},"end":{"line":180,"column":1}},"line":173}},"branchMap":{"0":{"loc":{"start":{"line":25,"column":4},"end":{"line":27,"column":5}},"type":"if","locations":[{"start":{"line":25,"column":4},"end":{"line":27,"column":5}},{"start":{},"end":{}}],"line":25},"1":{"loc":{"start":{"line":25,"column":8},"end":{"line":25,"column":40}},"type":"binary-expr","locations":[{"start":{"line":25,"column":8},"end":{"line":25,"column":31}},{"start":{"line":25,"column":35},"end":{"line":25,"column":40}}],"line":25},"2":{"loc":{"start":{"line":30,"column":46},"end":{"line":30,"column":109}},"type":"cond-expr","locations":[{"start":{"line":30,"column":80},"end":{"line":30,"column":94}},{"start":{"line":30,"column":96},"end":{"line":30,"column":109}}],"line":30},"3":{"loc":{"start":{"line":30,"column":47},"end":{"line":30,"column":76}},"type":"binary-expr","locations":[{"start":{"line":30,"column":47},"end":{"line":30,"column":58}},{"start":{"line":30,"column":62},"end":{"line":30,"column":76}}],"line":30},"4":{"loc":{"start":{"line":30,"column":96},"end":{"line":30,"column":109}},"type":"binary-expr","locations":[{"start":{"line":30,"column":96},"end":{"line":30,"column":103}},{"start":{"line":30,"column":107},"end":{"line":30,"column":109}}],"line":30},"5":{"loc":{"start":{"line":40,"column":4},"end":{"line":43,"column":5}},"type":"if","locations":[{"start":{"line":40,"column":4},"end":{"line":43,"column":5}},{"start":{},"end":{}}],"line":40},"6":{"loc":{"start":{"line":68,"column":4},"end":{"line":70,"column":5}},"type":"if","locations":[{"start":{"line":68,"column":4},"end":{"line":70,"column":5}},{"start":{},"end":{}}],"line":68},"7":{"loc":{"start":{"line":68,"column":7},"end":{"line":68,"column":65}},"type":"binary-expr","locations":[{"start":{"line":68,"column":7},"end":{"line":68,"column":37}},{"start":{"line":68,"column":41},"end":{"line":68,"column":65}}],"line":68},"8":{"loc":{"start":{"line":71,"column":4},"end":{"line":73,"column":5}},"type":"if","locations":[{"start":{"line":71,"column":4},"end":{"line":73,"column":5}},{"start":{},"end":{}}],"line":71},"9":{"loc":{"start":{"line":71,"column":7},"end":{"line":71,"column":64}},"type":"binary-expr","locations":[{"start":{"line":71,"column":7},"end":{"line":71,"column":37}},{"start":{"line":71,"column":41},"end":{"line":71,"column":64}}],"line":71},"10":{"loc":{"start":{"line":74,"column":4},"end":{"line":76,"column":5}},"type":"if","locations":[{"start":{"line":74,"column":4},"end":{"line":76,"column":5}},{"start":{},"end":{}}],"line":74},"11":{"loc":{"start":{"line":74,"column":7},"end":{"line":74,"column":64}},"type":"binary-expr","locations":[{"start":{"line":74,"column":7},"end":{"line":74,"column":36}},{"start":{"line":74,"column":40},"end":{"line":74,"column":64}}],"line":74},"12":{"loc":{"start":{"line":133,"column":4},"end":{"line":135,"column":5}},"type":"if","locations":[{"start":{"line":133,"column":4},"end":{"line":135,"column":5}},{"start":{},"end":{}}],"line":133},"13":{"loc":{"start":{"line":138,"column":4},"end":{"line":143,"column":5}},"type":"if","locations":[{"start":{"line":138,"column":4},"end":{"line":143,"column":5}},{"start":{"line":141,"column":11},"end":{"line":143,"column":5}}],"line":138}},"s":{"0":1,"1":1,"2":1,"3":1,"4":0,"5":0,"6":0,"7":0,"8":0,"9":0,"10":0,"11":0,"12":0,"13":0,"14":0,"15":0,"16":0,"17":0,"18":0,"19":0,"20":0,"21":0,"22":0,"23":0,"24":0,"25":0,"26":0,"27":0,"28":0,"29":0,"30":0,"31":0,"32":0,"33":0,"34":0,"35":0,"36":0,"37":0,"38":0,"39":0,"40":0,"41":0,"42":0,"43":0,"44":0,"45":0,"46":0,"47":0,"48":0,"49":0,"50":0,"51":0,"52":0,"53":0,"54":0,"55":0,"56":0,"57":0,"58":0,"59":0,"60":0,"61":0,"62":0,"63":0,"64":1,"65":1,"66":1,"67":1,"68":1,"69":3,"70":1},"f":{"0":0,"1":0,"2":0,"3":0,"4":0,"5":0,"6":0,"7":0,"8":0,"9":0,"10":0,"11":0,"12":0,"13":0,"14":0,"15":0,"16":0,"17":0,"18":0,"19":1},"b":{"0":[0,0],"1":[0,0],"2":[0,0],"3":[0,0],"4":[0,0],"5":[0,0],"6":[0,0],"7":[0,0],"8":[0,0],"9":[0,0],"10":[0,0],"11":[0,0],"12":[0,0],"13":[0,0]},"_coverageSchema":"1a1c01bbd47fc00a2c39e90264f33305004495a9","hash":"0c8146f8338924c3a1cfe5561549470826e1b600"}
}
