TN:
SF:Utils\Utils.js
FN:6,slugify
FN:24,getAbbreviation
FN:30,(anonymous_2)
FN:35,generateID
FN:39,createDate
FN:50,roundToNearest
FN:54,isValidPhoneNumber
FN:59,isValidEmail
FN:65,isValidEmailOrNumber
FN:81,generateToken
FN:89,generateCouponCodes
FN:96,checkDataType
FN:100,isArray
FN:104,checkMultipleDataTypes
FN:105,(anonymous_14)
FN:110,getDiscountPrice
FN:118,extractFileNameFromUrl
FN:123,compareStrings
FN:128,formatPhoneNumber
FN:172,generateName
FNF:20
FNH:1
FNDA:0,slugify
FNDA:0,getAbbreviation
FNDA:0,(anonymous_2)
FNDA:0,generateID
FNDA:0,createDate
FNDA:0,roundToNearest
FNDA:0,isValidPhoneNumber
FNDA:0,isValidEmail
FNDA:0,isValidEmailOrNumber
FNDA:0,generateToken
FNDA:0,generateCouponCodes
FNDA:0,checkDataType
FNDA:0,isArray
FNDA:0,checkMultipleDataTypes
FNDA:0,(anonymous_14)
FNDA:0,getDiscountPrice
FNDA:0,extractFileNameFromUrl
FNDA:0,compareStrings
FNDA:0,formatPhoneNumber
FNDA:1,generateName
DA:1,1
DA:2,1
DA:3,1
DA:4,1
DA:7,0
DA:8,0
DA:11,0
DA:12,0
DA:13,0
DA:14,0
DA:17,0
DA:21,0
DA:25,0
DA:26,0
DA:28,0
DA:30,0
DA:32,0
DA:36,0
DA:40,0
DA:41,0
DA:42,0
DA:45,0
DA:46,0
DA:51,0
DA:55,0
DA:56,0
DA:61,0
DA:62,0
DA:66,0
DA:67,0
DA:68,0
DA:69,0
DA:71,0
DA:72,0
DA:74,0
DA:75,0
DA:82,0
DA:83,0
DA:86,0
DA:90,0
DA:91,0
DA:92,0
DA:93,0
DA:97,0
DA:101,0
DA:105,0
DA:111,0
DA:112,0
DA:113,0
DA:115,0
DA:119,0
DA:120,0
DA:124,0
DA:125,0
DA:130,0
DA:133,0
DA:134,0
DA:138,0
DA:140,0
DA:142,0
DA:145,0
DA:148,1
DA:150,1
DA:175,1
DA:176,1
DA:177,3
DA:181,1
LF:67
LH:10
BRDA:25,0,0,0
BRDA:25,0,1,0
BRDA:25,1,0,0
BRDA:25,1,1,0
BRDA:30,2,0,0
BRDA:30,2,1,0
BRDA:30,3,0,0
BRDA:30,3,1,0
BRDA:30,4,0,0
BRDA:30,4,1,0
BRDA:40,5,0,0
BRDA:40,5,1,0
BRDA:68,6,0,0
BRDA:68,6,1,0
BRDA:68,7,0,0
BRDA:68,7,1,0
BRDA:71,8,0,0
BRDA:71,8,1,0
BRDA:71,9,0,0
BRDA:71,9,1,0
BRDA:74,10,0,0
BRDA:74,10,1,0
BRDA:74,11,0,0
BRDA:74,11,1,0
BRDA:133,12,0,0
BRDA:133,12,1,0
BRDA:138,13,0,0
BRDA:138,13,1,0
BRF:28
BRH:0
end_of_record
